This is pdfTeX, Version 3.141592653-2.6-1.40.24 (TeX Live 2022) (preloaded format=pdflatex 2022.5.12)  12 MAY 2022 22:53
entering extended mode
 restricted \write18 enabled.
 %&-line parsing enabled.
**p8106_final_report.tex
(./p8106_final_report.tex
LaTeX2e <2021-11-15> patch level 1
L3 programming layer <2022-05-04> (/Users/clairechen/Library/TinyTeX/texmf-dist/tex/latex/base/article.cls
Document Class: article 2021/10/04 v1.4n Standard LaTeX document class
(/Users/clairechen/Library/TinyTeX/texmf-dist/tex/latex/base/size10.clo
File: size10.clo 2021/10/04 v1.4n Standard LaTeX file (size option)
)
\c@part=\count185
\c@section=\count186
\c@subsection=\count187
\c@subsubsection=\count188
\c@paragraph=\count189
\c@subparagraph=\count190
\c@figure=\count191
\c@table=\count192
\abovecaptionskip=\skip47
\belowcaptionskip=\skip48
\bibindent=\dimen138
) (/Users/clairechen/Library/TinyTeX/texmf-dist/tex/latex/amsmath/amsmath.sty
Package: amsmath 2021/10/15 v2.17l AMS math features
\@mathmargin=\skip49
For additional information on amsmath, use the `?' option.
(/Users/clairechen/Library/TinyTeX/texmf-dist/tex/latex/amsmath/amstext.sty
Package: amstext 2021/08/26 v2.01 AMS text
(/Users/clairechen/Library/TinyTeX/texmf-dist/tex/latex/amsmath/amsgen.sty
File: amsgen.sty 1999/11/30 v2.0 generic functions
\@emptytoks=\toks16
\ex@=\dimen139
)) (/Users/clairechen/Library/TinyTeX/texmf-dist/tex/latex/amsmath/amsbsy.sty
Package: amsbsy 1999/11/29 v1.2d Bold Symbols
\pmbraise@=\dimen140
) (/Users/clairechen/Library/TinyTeX/texmf-dist/tex/latex/amsmath/amsopn.sty
Package: amsopn 2021/08/26 v2.02 operator names
)
\inf@bad=\count193
LaTeX Info: Redefining \frac on input line 234.
\uproot@=\count194
\leftroot@=\count195
LaTeX Info: Redefining \overline on input line 399.
\classnum@=\count196
\DOTSCASE@=\count197
LaTeX Info: Redefining \ldots on input line 496.
LaTeX Info: Redefining \dots on input line 499.
LaTeX Info: Redefining \cdots on input line 620.
\Mathstrutbox@=\box50
\strutbox@=\box51
\big@size=\dimen141
LaTeX Font Info:    Redeclaring font encoding OML on input line 743.
LaTeX Font Info:    Redeclaring font encoding OMS on input line 744.
\macc@depth=\count198
\c@MaxMatrixCols=\count199
\dotsspace@=\muskip16
\c@parentequation=\count266
\dspbrk@lvl=\count267
\tag@help=\toks17
\row@=\count268
\column@=\count269
\maxfields@=\count270
\andhelp@=\toks18
\eqnshift@=\dimen142
\alignsep@=\dimen143
\tagshift@=\dimen144
\tagwidth@=\dimen145
\totwidth@=\dimen146
\lineht@=\dimen147
\@envbody=\toks19
\multlinegap=\skip50
\multlinetaggap=\skip51
\mathdisplay@stack=\toks20
LaTeX Info: Redefining \[ on input line 2938.
LaTeX Info: Redefining \] on input line 2939.
) (/Users/clairechen/Library/TinyTeX/texmf-dist/tex/latex/amsfonts/amssymb.sty
Package: amssymb 2013/01/14 v3.01 AMS font symbols
(/Users/clairechen/Library/TinyTeX/texmf-dist/tex/latex/amsfonts/amsfonts.sty
Package: amsfonts 2013/01/14 v3.01 Basic AMSFonts support
\symAMSa=\mathgroup4
\symAMSb=\mathgroup5
LaTeX Font Info:    Redeclaring math symbol \hbar on input line 98.
LaTeX Font Info:    Overwriting math alphabet `\mathfrak' in version `bold'
(Font)                  U/euf/m/n --> U/euf/b/n on input line 106.
)) (/Users/clairechen/Library/TinyTeX/texmf-dist/tex/latex/lm/lmodern.sty
Package: lmodern 2015/05/01 v1.6.1 Latin Modern Fonts
LaTeX Font Info:    Overwriting symbol font `operators' in version `normal'
(Font)                  OT1/cmr/m/n --> OT1/lmr/m/n on input line 22.
LaTeX Font Info:    Overwriting symbol font `letters' in version `normal'
(Font)                  OML/cmm/m/it --> OML/lmm/m/it on input line 23.
LaTeX Font Info:    Overwriting symbol font `symbols' in version `normal'
(Font)                  OMS/cmsy/m/n --> OMS/lmsy/m/n on input line 24.
LaTeX Font Info:    Overwriting symbol font `largesymbols' in version `normal'
(Font)                  OMX/cmex/m/n --> OMX/lmex/m/n on input line 25.
LaTeX Font Info:    Overwriting symbol font `operators' in version `bold'
(Font)                  OT1/cmr/bx/n --> OT1/lmr/bx/n on input line 26.
LaTeX Font Info:    Overwriting symbol font `letters' in version `bold'
(Font)                  OML/cmm/b/it --> OML/lmm/b/it on input line 27.
LaTeX Font Info:    Overwriting symbol font `symbols' in version `bold'
(Font)                  OMS/cmsy/b/n --> OMS/lmsy/b/n on input line 28.
LaTeX Font Info:    Overwriting symbol font `largesymbols' in version `bold'
(Font)                  OMX/cmex/m/n --> OMX/lmex/m/n on input line 29.
LaTeX Font Info:    Overwriting math alphabet `\mathbf' in version `normal'
(Font)                  OT1/cmr/bx/n --> OT1/lmr/bx/n on input line 31.
LaTeX Font Info:    Overwriting math alphabet `\mathsf' in version `normal'
(Font)                  OT1/cmss/m/n --> OT1/lmss/m/n on input line 32.
LaTeX Font Info:    Overwriting math alphabet `\mathit' in version `normal'
(Font)                  OT1/cmr/m/it --> OT1/lmr/m/it on input line 33.
LaTeX Font Info:    Overwriting math alphabet `\mathtt' in version `normal'
(Font)                  OT1/cmtt/m/n --> OT1/lmtt/m/n on input line 34.
LaTeX Font Info:    Overwriting math alphabet `\mathbf' in version `bold'
(Font)                  OT1/cmr/bx/n --> OT1/lmr/bx/n on input line 35.
LaTeX Font Info:    Overwriting math alphabet `\mathsf' in version `bold'
(Font)                  OT1/cmss/bx/n --> OT1/lmss/bx/n on input line 36.
LaTeX Font Info:    Overwriting math alphabet `\mathit' in version `bold'
(Font)                  OT1/cmr/bx/it --> OT1/lmr/bx/it on input line 37.
LaTeX Font Info:    Overwriting math alphabet `\mathtt' in version `bold'
(Font)                  OT1/cmtt/m/n --> OT1/lmtt/m/n on input line 38.
) (/Users/clairechen/Library/TinyTeX/texmf-dist/tex/generic/iftex/iftex.sty
Package: iftex 2022/02/03 v1.0f TeX engine tests
) (/Users/clairechen/Library/TinyTeX/texmf-dist/tex/latex/base/fontenc.sty
Package: fontenc 2021/04/29 v2.0v Standard LaTeX package
LaTeX Font Info:    Trying to load font information for T1+lmr on input line 112.
(/Users/clairechen/Library/TinyTeX/texmf-dist/tex/latex/lm/t1lmr.fd
File: t1lmr.fd 2015/05/01 v1.6.1 Font defs for Latin Modern
)) (/Users/clairechen/Library/TinyTeX/texmf-dist/tex/latex/base/inputenc.sty
Package: inputenc 2021/02/14 v1.3d Input encoding file
\inpenc@prehook=\toks21
\inpenc@posthook=\toks22
) (/Users/clairechen/Library/TinyTeX/texmf-dist/tex/latex/base/textcomp.sty
Package: textcomp 2020/02/02 v2.0n Standard LaTeX package
) (/Users/clairechen/Library/TinyTeX/texmf-dist/tex/latex/xcolor/xcolor.sty
Package: xcolor 2021/10/31 v2.13 LaTeX color extensions (UK)
(/Users/clairechen/Library/TinyTeX/texmf-dist/tex/latex/graphics-cfg/color.cfg
File: color.cfg 2016/01/02 v1.6 sample color configuration
)
Package xcolor Info: Driver file: pdftex.def on input line 227.
(/Users/clairechen/Library/TinyTeX/texmf-dist/tex/latex/graphics-def/pdftex.def
File: pdftex.def 2020/10/05 v1.2a Graphics/color driver for pdftex
)
Package xcolor Info: Model `cmy' substituted by `cmy0' on input line 1352.
Package xcolor Info: Model `hsb' substituted by `rgb' on input line 1356.
Package xcolor Info: Model `RGB' extended on input line 1368.
Package xcolor Info: Model `HTML' substituted by `rgb' on input line 1370.
Package xcolor Info: Model `Hsb' substituted by `hsb' on input line 1371.
Package xcolor Info: Model `tHsb' substituted by `hsb' on input line 1372.
Package xcolor Info: Model `HSB' substituted by `hsb' on input line 1373.
Package xcolor Info: Model `Gray' substituted by `gray' on input line 1374.
Package xcolor Info: Model `wave' substituted by `hsb' on input line 1375.
) (/Users/clairechen/Library/TinyTeX/texmf-dist/tex/latex/geometry/geometry.sty
Package: geometry 2020/01/02 v5.9 Page Geometry
(/Users/clairechen/Library/TinyTeX/texmf-dist/tex/latex/graphics/keyval.sty
Package: keyval 2014/10/28 v1.15 key=value parser (DPC)
\KV@toks@=\toks23
) (/Users/clairechen/Library/TinyTeX/texmf-dist/tex/generic/iftex/ifvtex.sty
Package: ifvtex 2019/10/25 v1.7 ifvtex legacy package. Use iftex instead.
)
\Gm@cnth=\count271
\Gm@cntv=\count272
\c@Gm@tempcnt=\count273
\Gm@bindingoffset=\dimen148
\Gm@wd@mp=\dimen149
\Gm@odd@mp=\dimen150
\Gm@even@mp=\dimen151
\Gm@layoutwidth=\dimen152
\Gm@layoutheight=\dimen153
\Gm@layouthoffset=\dimen154
\Gm@layoutvoffset=\dimen155
\Gm@dimlist=\toks24
) (/Users/clairechen/Library/TinyTeX/texmf-dist/tex/latex/tools/longtable.sty
Package: longtable 2021-09-01 v4.17 Multi-page Table package (DPC)
\LTleft=\skip52
\LTright=\skip53
\LTpre=\skip54
\LTpost=\skip55
\LTchunksize=\count274
\LTcapwidth=\dimen156
\LT@head=\box52
\LT@firsthead=\box53
\LT@foot=\box54
\LT@lastfoot=\box55
\LT@gbox=\box56
\LT@cols=\count275
\LT@rows=\count276
\c@LT@tables=\count277
\c@LT@chunks=\count278
\LT@p@ftn=\toks25
) (/Users/clairechen/Library/TinyTeX/texmf-dist/tex/latex/booktabs/booktabs.sty
Package: booktabs 2020/01/12 v1.61803398 Publication quality tables
\heavyrulewidth=\dimen157
\lightrulewidth=\dimen158
\cmidrulewidth=\dimen159
\belowrulesep=\dimen160
\belowbottomsep=\dimen161
\aboverulesep=\dimen162
\abovetopsep=\dimen163
\cmidrulesep=\dimen164
\cmidrulekern=\dimen165
\defaultaddspace=\dimen166
\@cmidla=\count279
\@cmidlb=\count280
\@aboverulesep=\dimen167
\@belowrulesep=\dimen168
\@thisruleclass=\count281
\@lastruleclass=\count282
\@thisrulewidth=\dimen169
) (/Users/clairechen/Library/TinyTeX/texmf-dist/tex/latex/tools/array.sty
Package: array 2021/10/04 v2.5f Tabular extension package (FMi)
\col@sep=\dimen170
\ar@mcellbox=\box57
\extrarowheight=\dimen171
\NC@list=\toks26
\extratabsurround=\skip56
\backup@length=\skip57
\ar@cellbox=\box58
) (/Users/clairechen/Library/TinyTeX/texmf-dist/tex/latex/tools/calc.sty
Package: calc 2017/05/25 v4.3 Infix arithmetic (KKT,FJ)
\calc@Acount=\count283
\calc@Bcount=\count284
\calc@Adimen=\dimen172
\calc@Bdimen=\dimen173
\calc@Askip=\skip58
\calc@Bskip=\skip59
LaTeX Info: Redefining \setlength on input line 80.
LaTeX Info: Redefining \addtolength on input line 81.
\calc@Ccount=\count285
\calc@Cskip=\skip60
) (/Users/clairechen/Library/TinyTeX/texmf-dist/tex/latex/etoolbox/etoolbox.sty
Package: etoolbox 2020/10/05 v2.5k e-TeX tools for LaTeX (JAW)
\etb@tempcnta=\count286
) (/Users/clairechen/Library/TinyTeX/texmf-dist/tex/latex/mdwtools/footnote.sty
Package: footnote 1997/01/28 1.13 Save footnotes around boxes
\fn@notes=\box59
\fn@width=\dimen174
) (/Users/clairechen/Library/TinyTeX/texmf-dist/tex/latex/graphics/graphicx.sty
Package: graphicx 2021/09/16 v1.2d Enhanced LaTeX Graphics (DPC,SPQR)
(/Users/clairechen/Library/TinyTeX/texmf-dist/tex/latex/graphics/graphics.sty
Package: graphics 2021/03/04 v1.4d Standard LaTeX Graphics (DPC,SPQR)
(/Users/clairechen/Library/TinyTeX/texmf-dist/tex/latex/graphics/trig.sty
Package: trig 2021/08/11 v1.11 sin cos tan (DPC)
) (/Users/clairechen/Library/TinyTeX/texmf-dist/tex/latex/graphics-cfg/graphics.cfg
File: graphics.cfg 2016/06/04 v1.11 sample graphics configuration
)
Package graphics Info: Driver file: pdftex.def on input line 107.
)
\Gin@req@height=\dimen175
\Gin@req@width=\dimen176
) (/Users/clairechen/Library/TinyTeX/texmf-dist/tex/latex/hyperref/hyperref.sty
Package: hyperref 2022-02-21 v7.00n Hypertext links for LaTeX
(/Users/clairechen/Library/TinyTeX/texmf-dist/tex/generic/ltxcmds/ltxcmds.sty
Package: ltxcmds 2020-05-10 v1.25 LaTeX kernel commands for general use (HO)
) (/Users/clairechen/Library/TinyTeX/texmf-dist/tex/generic/pdftexcmds/pdftexcmds.sty
Package: pdftexcmds 2020-06-27 v0.33 Utility functions of pdfTeX for LuaTeX (HO)
(/Users/clairechen/Library/TinyTeX/texmf-dist/tex/generic/infwarerr/infwarerr.sty
Package: infwarerr 2019/12/03 v1.5 Providing info/warning/error messages (HO)
)
Package pdftexcmds Info: \pdf@primitive is available.
Package pdftexcmds Info: \pdf@ifprimitive is available.
Package pdftexcmds Info: \pdfdraftmode found.
) (/Users/clairechen/Library/TinyTeX/texmf-dist/tex/generic/kvsetkeys/kvsetkeys.sty
Package: kvsetkeys 2019/12/15 v1.18 Key value parser (HO)
) (/Users/clairechen/Library/TinyTeX/texmf-dist/tex/generic/kvdefinekeys/kvdefinekeys.sty
Package: kvdefinekeys 2019-12-19 v1.6 Define keys (HO)
) (/Users/clairechen/Library/TinyTeX/texmf-dist/tex/generic/pdfescape/pdfescape.sty
Package: pdfescape 2019/12/09 v1.15 Implements pdfTeX's escape features (HO)
) (/Users/clairechen/Library/TinyTeX/texmf-dist/tex/latex/hycolor/hycolor.sty
Package: hycolor 2020-01-27 v1.10 Color options for hyperref/bookmark (HO)
) (/Users/clairechen/Library/TinyTeX/texmf-dist/tex/latex/letltxmacro/letltxmacro.sty
Package: letltxmacro 2019/12/03 v1.6 Let assignment for LaTeX macros (HO)
) (/Users/clairechen/Library/TinyTeX/texmf-dist/tex/latex/auxhook/auxhook.sty
Package: auxhook 2019-12-17 v1.6 Hooks for auxiliary files (HO)
) (/Users/clairechen/Library/TinyTeX/texmf-dist/tex/latex/kvoptions/kvoptions.sty
Package: kvoptions 2020-10-07 v3.14 Key value format for package options (HO)
)
\@linkdim=\dimen177
\Hy@linkcounter=\count287
\Hy@pagecounter=\count288
(/Users/clairechen/Library/TinyTeX/texmf-dist/tex/latex/hyperref/pd1enc.def
File: pd1enc.def 2022-02-21 v7.00n Hyperref: PDFDocEncoding definition (HO)
Now handling font encoding PD1 ...
... no UTF-8 mapping file for font encoding PD1
) (/Users/clairechen/Library/TinyTeX/texmf-dist/tex/generic/intcalc/intcalc.sty
Package: intcalc 2019/12/15 v1.3 Expandable calculations with integers (HO)
) (/Users/clairechen/Library/TinyTeX/texmf-dist/tex/generic/etexcmds/etexcmds.sty
Package: etexcmds 2019/12/15 v1.7 Avoid name clashes with e-TeX commands (HO)
)
\Hy@SavedSpaceFactor=\count289
(/Users/clairechen/Library/TinyTeX/texmf-dist/tex/latex/hyperref/puenc.def
File: puenc.def 2022-02-21 v7.00n Hyperref: PDF Unicode definition (HO)
Now handling font encoding PU ...
... no UTF-8 mapping file for font encoding PU
)
Package hyperref Info: Option `unicode' set `true' on input line 4018.
Package hyperref Info: Hyper figures OFF on input line 4137.
Package hyperref Info: Link nesting OFF on input line 4142.
Package hyperref Info: Hyper index ON on input line 4145.
Package hyperref Info: Plain pages OFF on input line 4152.
Package hyperref Info: Backreferencing OFF on input line 4157.
Package hyperref Info: Implicit mode ON; LaTeX internals redefined.
Package hyperref Info: Bookmarks ON on input line 4390.
\c@Hy@tempcnt=\count290
(/Users/clairechen/Library/TinyTeX/texmf-dist/tex/latex/url/url.sty
\Urlmuskip=\muskip17
Package: url 2013/09/16  ver 3.4  Verb mode for urls, etc.
)
LaTeX Info: Redefining \url on input line 4749.
\XeTeXLinkMargin=\dimen178
(/Users/clairechen/Library/TinyTeX/texmf-dist/tex/generic/bitset/bitset.sty
Package: bitset 2019/12/09 v1.3 Handle bit-vector datatype (HO)
(/Users/clairechen/Library/TinyTeX/texmf-dist/tex/generic/bigintcalc/bigintcalc.sty
Package: bigintcalc 2019/12/15 v1.5 Expandable calculations on big integers (HO)
))
\Fld@menulength=\count291
\Field@Width=\dimen179
\Fld@charsize=\dimen180
Package hyperref Info: Hyper figures OFF on input line 6027.
Package hyperref Info: Link nesting OFF on input line 6032.
Package hyperref Info: Hyper index ON on input line 6035.
Package hyperref Info: backreferencing OFF on input line 6042.
Package hyperref Info: Link coloring OFF on input line 6047.
Package hyperref Info: Link coloring with OCG OFF on input line 6052.
Package hyperref Info: PDF/A mode OFF on input line 6057.
LaTeX Info: Redefining \ref on input line 6097.
LaTeX Info: Redefining \pageref on input line 6101.
(/Users/clairechen/Library/TinyTeX/texmf-dist/tex/latex/base/atbegshi-ltx.sty
Package: atbegshi-ltx 2021/01/10 v1.0c Emulation of the original atbegshi
package with kernel methods
)
\Hy@abspage=\count292
\c@Item=\count293
\c@Hfootnote=\count294
)
Package hyperref Info: Driver (autodetected): hpdftex.
(/Users/clairechen/Library/TinyTeX/texmf-dist/tex/latex/hyperref/hpdftex.def
File: hpdftex.def 2022-02-21 v7.00n Hyperref driver for pdfTeX
(/Users/clairechen/Library/TinyTeX/texmf-dist/tex/latex/base/atveryend-ltx.sty
Package: atveryend-ltx 2020/08/19 v1.0a Emulation of the original atveryend package
with kernel methods
)
\Fld@listcount=\count295
\c@bookmark@seq@number=\count296
(/Users/clairechen/Library/TinyTeX/texmf-dist/tex/latex/rerunfilecheck/rerunfilecheck.sty
Package: rerunfilecheck 2019/12/05 v1.9 Rerun checks for auxiliary files (HO)
(/Users/clairechen/Library/TinyTeX/texmf-dist/tex/generic/uniquecounter/uniquecounter.sty
Package: uniquecounter 2019/12/15 v1.4 Provide unlimited unique counter (HO)
)
Package uniquecounter Info: New unique counter `rerunfilecheck' on input line 286.
)
\Hy@SectionHShift=\skip61
) (/Users/clairechen/Library/TinyTeX/texmf-dist/tex/latex/cite/cite.sty
LaTeX Info: Redefining \cite on input line 302.
LaTeX Info: Redefining \nocite on input line 332.
Package: cite 2015/02/27  v 5.5
) (/Users/clairechen/Library/TinyTeX/texmf-dist/tex/latex/l3backend/l3backend-pdftex.def
File: l3backend-pdftex.def 2022-04-20 L3 backend support: PDF output (pdfTeX)
\l__color_backend_stack_int=\count297
\l__pdf_internal_box=\box60
) (./p8106_final_report.aux

LaTeX Warning: Label `fig:fig1' multiply defined.

)
\openout1 = `p8106_final_report.aux'.

LaTeX Font Info:    Checking defaults for OML/cmm/m/it on input line 82.
LaTeX Font Info:    ... okay on input line 82.
LaTeX Font Info:    Checking defaults for OMS/cmsy/m/n on input line 82.
LaTeX Font Info:    ... okay on input line 82.
LaTeX Font Info:    Checking defaults for OT1/cmr/m/n on input line 82.
LaTeX Font Info:    ... okay on input line 82.
LaTeX Font Info:    Checking defaults for T1/cmr/m/n on input line 82.
LaTeX Font Info:    ... okay on input line 82.
LaTeX Font Info:    Checking defaults for TS1/cmr/m/n on input line 82.
LaTeX Font Info:    ... okay on input line 82.
LaTeX Font Info:    Checking defaults for OMX/cmex/m/n on input line 82.
LaTeX Font Info:    ... okay on input line 82.
LaTeX Font Info:    Checking defaults for U/cmr/m/n on input line 82.
LaTeX Font Info:    ... okay on input line 82.
LaTeX Font Info:    Checking defaults for PD1/pdf/m/n on input line 82.
LaTeX Font Info:    ... okay on input line 82.
LaTeX Font Info:    Checking defaults for PU/pdf/m/n on input line 82.
LaTeX Font Info:    ... okay on input line 82.
(/Users/clairechen/Library/TinyTeX/texmf-dist/tex/latex/epstopdf-pkg/epstopdf-base.sty
Package: epstopdf-base 2020-01-24 v2.11 Base part for package epstopdf
Package epstopdf-base Info: Redefining graphics rule for `.eps' on input line 485.
(/Users/clairechen/Library/TinyTeX/texmf-dist/tex/latex/latexconfig/epstopdf-sys.cfg
File: epstopdf-sys.cfg 2010/07/13 v1.3 Configuration of (r)epstopdf for TeX Live
))
*geometry* driver: auto-detecting
*geometry* detected driver: pdftex
*geometry* verbose mode - [ preamble ] result:
* driver: pdftex
* paper: <default>
* layout: <same size as paper>
* layoutoffset:(h,v)=(0.0pt,0.0pt)
* modes: 
* h-part:(L,W,R)=(72.26999pt, 469.75502pt, 72.26999pt)
* v-part:(T,H,B)=(72.26999pt, 650.43001pt, 72.26999pt)
* \paperwidth=614.295pt
* \paperheight=794.96999pt
* \textwidth=469.75502pt
* \textheight=650.43001pt
* \oddsidemargin=0.0pt
* \evensidemargin=0.0pt
* \topmargin=-37.0pt
* \headheight=12.0pt
* \headsep=25.0pt
* \topskip=10.0pt
* \footskip=30.0pt
* \marginparwidth=65.0pt
* \marginparsep=11.0pt
* \columnsep=10.0pt
* \skip\footins=9.0pt plus 4.0pt minus 2.0pt
* \hoffset=0.0pt
* \voffset=0.0pt
* \mag=1000
* \@twocolumnfalse
* \@twosidefalse
* \@mparswitchfalse
* \@reversemarginfalse
* (1in=72.27pt=25.4mm, 1cm=28.453pt)

Package hyperref Info: Link coloring OFF on input line 82.
(/Users/clairechen/Library/TinyTeX/texmf-dist/tex/latex/hyperref/nameref.sty
Package: nameref 2021-04-02 v2.47 Cross-referencing by name of section
(/Users/clairechen/Library/TinyTeX/texmf-dist/tex/latex/refcount/refcount.sty
Package: refcount 2019/12/15 v3.6 Data extraction from label references (HO)
) (/Users/clairechen/Library/TinyTeX/texmf-dist/tex/generic/gettitlestring/gettitlestring.sty
Package: gettitlestring 2019/12/15 v1.6 Cleanup title references (HO)
)
\c@section@level=\count298
)
LaTeX Info: Redefining \ref on input line 82.
LaTeX Info: Redefining \pageref on input line 82.
LaTeX Info: Redefining \nameref on input line 82.
(./p8106_final_report.out) (./p8106_final_report.out)
\@outlinefile=\write3
\openout3 = `p8106_final_report.out'.

LaTeX Font Info:    Trying to load font information for OT1+lmr on input line 84.
(/Users/clairechen/Library/TinyTeX/texmf-dist/tex/latex/lm/ot1lmr.fd
File: ot1lmr.fd 2015/05/01 v1.6.1 Font defs for Latin Modern
)
LaTeX Font Info:    Trying to load font information for OML+lmm on input line 84.
(/Users/clairechen/Library/TinyTeX/texmf-dist/tex/latex/lm/omllmm.fd
File: omllmm.fd 2015/05/01 v1.6.1 Font defs for Latin Modern
)
LaTeX Font Info:    Trying to load font information for OMS+lmsy on input line 84.
(/Users/clairechen/Library/TinyTeX/texmf-dist/tex/latex/lm/omslmsy.fd
File: omslmsy.fd 2015/05/01 v1.6.1 Font defs for Latin Modern
)
LaTeX Font Info:    Trying to load font information for OMX+lmex on input line 84.
(/Users/clairechen/Library/TinyTeX/texmf-dist/tex/latex/lm/omxlmex.fd
File: omxlmex.fd 2015/05/01 v1.6.1 Font defs for Latin Modern
)
LaTeX Font Info:    External font `lmex10' loaded for size
(Font)              <12> on input line 84.
LaTeX Font Info:    External font `lmex10' loaded for size
(Font)              <8> on input line 84.
LaTeX Font Info:    External font `lmex10' loaded for size
(Font)              <6> on input line 84.
LaTeX Font Info:    Trying to load font information for U+msa on input line 84.
(/Users/clairechen/Library/TinyTeX/texmf-dist/tex/latex/amsfonts/umsa.fd
File: umsa.fd 2013/01/14 v3.01 AMS symbols A
)
LaTeX Font Info:    Trying to load font information for U+msb on input line 84.
(/Users/clairechen/Library/TinyTeX/texmf-dist/tex/latex/amsfonts/umsb.fd
File: umsb.fd 2013/01/14 v3.01 AMS symbols B
)
LaTeX Font Info:    Trying to load font information for TS1+lmr on input line 117.
(/Users/clairechen/Library/TinyTeX/texmf-dist/tex/latex/lm/ts1lmr.fd
File: ts1lmr.fd 2015/05/01 v1.6.1 Font defs for Latin Modern
) [1

{/Users/clairechen/Library/TinyTeX/texmf-var/fonts/map/pdftex/updmap/pdftex.map}]
LaTeX Font Info:    Trying to load font information for T1+lmtt on input line 183.
(/Users/clairechen/Library/TinyTeX/texmf-dist/tex/latex/lm/t1lmtt.fd
File: t1lmtt.fd 2015/05/01 v1.6.1 Font defs for Latin Modern
)
LaTeX Font Info:    External font `lmex10' loaded for size
(Font)              <10> on input line 217.
LaTeX Font Info:    External font `lmex10' loaded for size
(Font)              <7> on input line 217.
LaTeX Font Info:    External font `lmex10' loaded for size
(Font)              <5> on input line 217.
[2] [3]
<p8106_final_report_files/figure-latex/fig1-1.pdf, id=122, 544.0325pt x 403.5075pt>
File: p8106_final_report_files/figure-latex/fig1-1.pdf Graphic file (type pdf)
<use p8106_final_report_files/figure-latex/fig1-1.pdf>
Package pdftex.def Info: p8106_final_report_files/figure-latex/fig1-1.pdf  used on input line 363.
(pdftex.def)             Requested size: 422.7996pt x 313.58937pt.
<p8106_final_report_files/figure-latex/unnamed-chunk-5-1.pdf, id=123, 446.66875pt x 428.60126pt>
File: p8106_final_report_files/figure-latex/unnamed-chunk-5-1.pdf Graphic file (type pdf)
<use p8106_final_report_files/figure-latex/unnamed-chunk-5-1.pdf>
Package pdftex.def Info: p8106_final_report_files/figure-latex/unnamed-chunk-5-1.pdf  used on input line 369.
(pdftex.def)             Requested size: 422.78575pt x 405.68431pt.
[4] [5 <./p8106_final_report_files/figure-latex/fig1-1.pdf>]
<p8106_final_report_files/figure-latex/unnamed-chunk-6-1.pdf, id=145, 568.1225pt x 420.57124pt>
File: p8106_final_report_files/figure-latex/unnamed-chunk-6-1.pdf Graphic file (type pdf)
<use p8106_final_report_files/figure-latex/unnamed-chunk-6-1.pdf>
Package pdftex.def Info: p8106_final_report_files/figure-latex/unnamed-chunk-6-1.pdf  used on input line 375.
(pdftex.def)             Requested size: 422.79665pt x 312.98904pt.
<p8106_final_report_files/figure-latex/unnamed-chunk-6-2.pdf, id=146, 562.1pt x 423.5825pt>
File: p8106_final_report_files/figure-latex/unnamed-chunk-6-2.pdf Graphic file (type pdf)
<use p8106_final_report_files/figure-latex/unnamed-chunk-6-2.pdf>
Package pdftex.def Info: p8106_final_report_files/figure-latex/unnamed-chunk-6-2.pdf  used on input line 376.
(pdftex.def)             Requested size: 422.77473pt x 318.59096pt.

Overfull \hbox (378.03857pt too wide) in paragraph at lines 375--377
[][] [] 
 []

[6 <./p8106_final_report_files/figure-latex/unnamed-chunk-5-1.pdf>]
Overfull \hbox (28825.15984pt too wide) in paragraph at lines 410--410
[]\T1/lmtt/m/n/10 ## maximum number of iterations reached 0.0001344337 0.0001316066maximum number of iterations reached 0.002767579 0.002681239maximum number of iterations reached 0.000178353 0.000174045maximum number of iterations reached 0.007757195 0.007326285maximum number of iterations reached 0.005909664 0.005611102maximum number of iterations reached 0.004206756 0.003942636maximum number of iterations reached 0.0002331587 0.0002222597maximum number of iterations reached 0.0002122563 0.000197883maximum number of iterations reached 4.671926e-05 3.967208e-05maximum number of iterations reached 0.0001268185 0.0001241482maximum number of iterations reached 0.004808733 0.004632749maximum number of iterations reached 0.0007536019 0.0007327604maximum number of iterations reached 6.549094e-05 6.328825e-05maximum number of iterations reached 0.007670999 0.007221334maximum number of iterations reached 0.005270282 0.00497918maximum number of iterations reached 0.004867018 0.004600172maximum number of iterations reached 0.0007867403 0.0007442054maximum number of iterations reached 0.0001297419 0.0001167804maximum number of iterations reached 3.254817e-05 3.192094e-05maximum number of iterations reached 0.004330079 0.004171092maximum number of iterations reached 0.001388317 0.001343385maximum number of iterations reached 0.0004349373 0.0004187206maximum number of iterations reached 0.007812578 0.007389184maximum number of iterations reached 0.006605068 0.006240211maximum number of iterations reached 0.0009324028 0.0008937937maximum number of iterations reached 1.143376e-05 1.094465e-05maximum number of iterations reached 0.00136471 0.00126355maximum number of iterations reached 0.0005476815 0.0004904344maximum number of iterations reached 0.001407646 0.001367201maximum number of iterations reached 0.002344864 0.002262404maximum number of iterations reached 0.0001199388 0.0001155729maximum number of iterations reached 0.007589463 0.00709349maximum number of iterations reached 0.003747557 0.00357827maximum number of iterations reached 0.001671973 0.001589937maximum number of iterations reached 0.001059495 0.001000434maximum number of iterations reached 0.0001317005 0.000128809maximum number of iterations reached 0.001259609 0.001227565maximum number of iterations reached 3.47479e-05 3.393095e-05maximum number of iterations reached 0.0003500131 0.0003367005maximum number of iterations reached 1.121749e-05 1.062117e-05maximum number of iterations reached 0.007443619 0.006994118maximum number of iterations reached 0.00623808 0.005887605maximum number of iterations reached 0.005709107 0.005373913maximum number of iterations reached 0.001769797 0.001660416maximum number of iterations reached 0.0001206363 0.0001179508maximum number of iterations reached 0.001516847 0.00147455maximum number of iterations reached 0.00165913 0.001598775maximum number of iterations reached 4.502456e-05 4.263283e-05maximum number of iterations reached 0.005563981 0.005283876maximum number of iterations reached 0.006342958 0.005993393maximum number of iterations reached 0.001773539 0.001678943maximum number of iterations reached 0.0006330654 0.0005988525maximum number of iterations reached 6.647043e-05 6.510482e-05maximum number of iterations reached 0.002875871 0.002794769maximum number of iterations reached 7.306267e-05 7.136341e-05maximum number of iterations reached 0.001046958 0.001001545maximum number of iterations reached 5.546594e-05 5.256241e-05maximum number of iterations reached 0.006737557 0.006330422maximum number of iterations reached 0.005144878 0.004891907maximum number of iterations reached 0.004832591 0.004593973maximum number of iterations reached 0.002636317 0.002481582maximum number of iterations reached 0.0001703449 0.0001531081maximum number of iterations reached 1.704047e-05 1.653709e-05maximum number of iterations reached 0.003374368 0.003256926maximum number of iterations reached 0.001580369 0.001531014maximum number of iterations reached 0.001719917 0.00164273maximum number of iterations reached 0.007216831 0.006818016maximum number of iterations reached 0.003186093 0.003049627maximum number of iterations reached 0.00424547 0.004026553maximum number of iterations reached 0.002523077 0.002371546maximum number of iterations reached 0.0001267554 0.0001182756maximum number of iterations reached 0.0001215303 0.0001031174maximum number of iterations reached 0.0001430257 0.0001400911maximum number of iterations reached 0.004438476 0.004281509maximum number of iterations reached 0.002795346 0.002700502maximum number of iterations reached 0.006712358 0.006372528maximum number of iterations reached 0.006514192 0.006153902maximum number of iterations reached 0.004773477 0.004525254maximum number of iterations reached 0.002323241 0.002190688maximum number of iterations reached 0.0008249755 0.0007678882maximum number of iterations reached 0.0004968338 0.0004840979maximum number of iterations reached 0.003039228 0.00295205maximum number of iterations reached 0.004364842 0.004176105maximum number of iterations reached 0.0003624379 0.0003488991maximum number of iterations reached 3.284103e-05 3.113365e-05maximum number of iterations reached 0.00592981 0.00561372maximum number of iterations reached 0.00530388 0.005030945maximum number of iterations reached 0.005693856 0.005401745maximum number of iterations reached 0.0005736072 0.0005451596maximum number of iterations reached 0.002901843 0.002687393maximum number of iterations reached 0.0007263422 0.0006505651maximum number of iterations reached 0.0009658516 0.0008095976[] 
 []

<p8106_final_report_files/figure-latex/unnamed-chunk-17-1.pdf, id=158, 1435.3625pt x 1434.35875pt>
File: p8106_final_report_files/figure-latex/unnamed-chunk-17-1.pdf Graphic file (type pdf)
<use p8106_final_report_files/figure-latex/unnamed-chunk-17-1.pdf>
Package pdftex.def Info: p8106_final_report_files/figure-latex/unnamed-chunk-17-1.pdf  used on input line 412.
(pdftex.def)             Requested size: 469.75067pt x 469.42216pt.
[7 <./p8106_final_report_files/figure-latex/unnamed-chunk-6-1.pdf> <./p8106_final_report_files/figure-latex/unnamed-chunk-6-2.pdf>]
<p8106_final_report_files/figure-latex/unnamed-chunk-18-1.pdf, id=181, 531.9875pt x 368.37625pt>
File: p8106_final_report_files/figure-latex/unnamed-chunk-18-1.pdf Graphic file (type pdf)
<use p8106_final_report_files/figure-latex/unnamed-chunk-18-1.pdf>
Package pdftex.def Info: p8106_final_report_files/figure-latex/unnamed-chunk-18-1.pdf  used on input line 418.
(pdftex.def)             Requested size: 422.79005pt x 292.76215pt.
[8 <./p8106_final_report_files/figure-latex/unnamed-chunk-17-1.pdf>]
<p8106_final_report_files/figure-latex/unnamed-chunk-19-1.pdf, id=194, 568.1225pt x 421.575pt>
File: p8106_final_report_files/figure-latex/unnamed-chunk-19-1.pdf Graphic file (type pdf)
<use p8106_final_report_files/figure-latex/unnamed-chunk-19-1.pdf>
Package pdftex.def Info: p8106_final_report_files/figure-latex/unnamed-chunk-19-1.pdf  used on input line 424.
(pdftex.def)             Requested size: 422.79665pt x 313.73604pt.
[9 <./p8106_final_report_files/figure-latex/unnamed-chunk-18-1.pdf> <./p8106_final_report_files/figure-latex/unnamed-chunk-19-1.pdf>] [10] [11

] (./p8106_final_report.aux)

LaTeX Warning: There were multiply-defined labels.

Package rerunfilecheck Info: File `p8106_final_report.out' has not changed.
(rerunfilecheck)             Checksum: E47840942ECACAA19D4C025DA82A1C66;3011.
 ) 
Here is how much of TeX's memory you used:
 11441 strings out of 480260
 181114 string characters out of 5893258
 474695 words of memory out of 5000000
 29106 multiletter control sequences out of 15000+600000
 515228 words of font info for 68 fonts, out of 8000000 for 9000
 14 hyphenation exceptions out of 8191
 60i,6n,63p,5605b,423s stack positions out of 10000i,1000n,20000p,200000b,200000s
{/Users/clairechen/Library/TinyTeX/texmf-dist/fonts/enc/dvips/lm/lm-rm.enc}{/Users/clairechen/Library/TinyTeX/texmf-dist/fonts/enc/dvips/lm/lm-mathit.enc}{/Users/clairechen/Library/TinyTeX/texmf-dist/fonts/enc/dvips/lm/lm-ec.enc}{/Users/clairechen/Library/TinyTeX/texmf-dist/fonts/enc/dvips/lm/lm-ts1.enc}</Users/clairechen/Library/TinyTeX/texmf-dist/fonts/type1/public/lm/lmbx10.pfb></Users/clairechen/Library/TinyTeX/texmf-dist/fonts/type1/public/lm/lmbx12.pfb></Users/clairechen/Library/TinyTeX/texmf-dist/fonts/type1/public/lm/lmmi10.pfb></Users/clairechen/Library/TinyTeX/texmf-dist/fonts/type1/public/lm/lmr10.pfb></Users/clairechen/Library/TinyTeX/texmf-dist/fonts/type1/public/lm/lmr12.pfb></Users/clairechen/Library/TinyTeX/texmf-dist/fonts/type1/public/lm/lmr17.pfb></Users/clairechen/Library/TinyTeX/texmf-dist/fonts/type1/public/lm/lmtt10.pfb>
Output written on p8106_final_report.pdf (11 pages, 441768 bytes).
PDF statistics:
 285 PDF objects out of 1000 (max. 8388607)
 232 compressed objects within 3 object streams
 61 named destinations out of 1000 (max. 500000)
 196 words of extra memory for PDF output out of 10000 (max. 10000000)

